<?xml version="1.0" encoding="UTF-8"?>
<testsuite name="AppUnitTest" tests="6" skipped="0" failures="0" errors="0" timestamp="2015-08-14T17:25:03" hostname="Ashleys-MacBook-Pro.local" time="0.002">
  <properties/>
  <testcase name="replaceVowels_replaceAwithDash_dash" classname="AppUnitTest" time="0.0"/>
  <testcase name="replaceVowels_replaceIwithDash_dash" classname="AppUnitTest" time="0.001"/>
  <testcase name="replaceVowels_replaceOwithDash_dash" classname="AppUnitTest" time="0.0"/>
  <testcase name="replaceVowels_doNotReplaceConsonantsandPunctuation_dash" classname="AppUnitTest" time="0.0"/>
  <testcase name="replaceVowels_replaceEwithDash_dash" classname="AppUnitTest" time="0.001"/>
  <testcase name="replaceVowels_replaceUwithDash_dash" classname="AppUnitTest" time="0.0"/>
  <system-out><![CDATA[]]></system-out>
  <system-err><![CDATA[]]></system-err>
</testsuite>
